<?xml version="1.0" encoding="UTF-8"?>
<!-- Generated by org.testng.reporters.JUnitReportReporter -->
<testsuite hostname="II39-PF265WJ0" failures="0" tests="1" name="TestCases.excelreading" time="0.000" errors="0" timestamp="2021-06-03T23:22:08 IST" skipped="1">
  <testcase classname="TestCases.excelreading" name="testcase" time="0.000">
    <skipped/>
  </testcase> <!-- testcase -->
  <system-out/>
</testsuite> <!-- TestCases.excelreading -->
