<?xml version="1.0" encoding="UTF-8"?>
<!-- Generated by org.testng.reporters.JUnitReportReporter -->
<testsuite hostname="II39-PF265WJ0" failures="0" tests="4" name="TestCases.june6" time="0.013" errors="0" timestamp="2021-06-04T09:09:41 IST" skipped="0">
  <testcase classname="TestCases.june6" name="multi" time="0.002"/>
  <system-out/>
  <testcase classname="TestCases.june6" name="multi" time="0.007"/>
  <system-out/>
  <testcase classname="TestCases.june6" name="multi1" time="0.002"/>
  <system-out/>
  <testcase classname="TestCases.june6" name="multi1" time="0.002"/>
  <system-out/>
</testsuite> <!-- TestCases.june6 -->
