<?xml version="1.0" encoding="UTF-8"?>
<!-- Generated by org.testng.reporters.JUnitReportReporter -->
<testsuite hostname="II39-PF265WJ0" failures="0" tests="7" name="TestCases.Tc_collections2" time="0.013" errors="0" timestamp="2021-06-04T09:25:53 IST" skipped="0">
  <testcase classname="TestCases.Tc_collections2" name="integrationTest" time="0.001"/>
  <system-out/>
  <testcase classname="TestCases.Tc_collections2" name="integrationTest" time="0.000"/>
  <system-out/>
  <testcase classname="TestCases.Tc_collections2" name="integrationTest" time="0.001"/>
  <system-out/>
  <testcase classname="TestCases.Tc_collections2" name="integrationTest" time="0.005"/>
  <system-out/>
  <testcase classname="TestCases.Tc_collections2" name="integrationTest" time="0.003"/>
  <system-out/>
  <testcase classname="TestCases.Tc_collections2" name="integrationTest" time="0.001"/>
  <system-out/>
  <testcase classname="TestCases.Tc_collections2" name="integrationTest" time="0.002"/>
  <system-out/>
</testsuite> <!-- TestCases.Tc_collections2 -->
