<?xml version="1.0" encoding="UTF-8"?>
<!-- Generated by org.testng.reporters.JUnitReportReporter -->
<testsuite hostname="II39-PF265WJ0" failures="0" tests="1" name="TestCases.Collectionsbasics" time="0.009" errors="0" timestamp="2021-06-01T09:01:45 IST" skipped="0">
  <testcase classname="TestCases.Collectionsbasics" name="array" time="0.009"/>
  <system-out/>
</testsuite> <!-- TestCases.Collectionsbasics -->
