<?xml version="1.0" encoding="UTF-8"?>
<!-- Generated by org.testng.reporters.JUnitReportReporter -->
<testsuite hostname="II39-PF265WJ0" failures="0" tests="7" name="TestCases.Readingdata" time="0.014" errors="0" timestamp="2021-06-04T10:35:28 IST" skipped="0">
  <testcase classname="TestCases.Readingdata" name="data" time="0.001"/>
  <system-out/>
  <testcase classname="TestCases.Readingdata" name="data" time="0.001"/>
  <system-out/>
  <testcase classname="TestCases.Readingdata" name="data" time="0.001"/>
  <system-out/>
  <testcase classname="TestCases.Readingdata" name="data" time="0.001"/>
  <system-out/>
  <testcase classname="TestCases.Readingdata" name="data" time="0.002"/>
  <system-out/>
  <testcase classname="TestCases.Readingdata" name="data" time="0.007"/>
  <system-out/>
  <testcase classname="TestCases.Readingdata" name="data" time="0.001"/>
  <system-out/>
</testsuite> <!-- TestCases.Readingdata -->
