<?xml version="1.0" encoding="UTF-8"?>
<!-- Generated by org.testng.reporters.JUnitReportReporter -->
<testsuite hostname="II39-PF265WJ0" failures="0" tests="3" name="TestCases.test1" time="48.928" errors="0" timestamp="2021-05-26T09:01:41 IST" skipped="0">
  <testcase classname="TestCases.test1" name="invokebrowser1" time="17.469"/>
  <system-out/>
  <testcase classname="TestCases.test1" name="invokebrowser2" time="15.553"/>
  <system-out/>
  <testcase classname="TestCases.test1" name="invokebrowser" time="15.906"/>
  <system-out/>
</testsuite> <!-- TestCases.test1 -->
