<?xml version="1.0" encoding="UTF-8"?>
<!-- Generated by org.testng.reporters.JUnitReportReporter -->
<testsuite hostname="II39-PF265WJ0" failures="0" tests="1" name="TestCases.Test2" time="16.806" errors="0" timestamp="2021-05-26T08:57:17 IST" skipped="0">
  <testcase classname="TestCases.Test2" name="add" time="16.806"/>
  <system-out/>
</testsuite> <!-- TestCases.Test2 -->
