<?xml version="1.0" encoding="UTF-8"?>
<!-- Generated by org.testng.reporters.JUnitReportReporter -->
<testsuite hostname="II39-PF265WJ0" failures="0" tests="1" name="TestCases.testcase4" time="2.984" errors="0" timestamp="2021-05-29T08:18:06 IST" skipped="0">
  <testcase classname="TestCases.testcase4" name="test1" time="2.984"/>
  <system-out/>
</testsuite> <!-- TestCases.testcase4 -->
