<?xml version="1.0" encoding="UTF-8"?>
<!-- Generated by org.testng.reporters.JUnitReportReporter -->
<testsuite hostname="II39-PF265WJ0" failures="0" tests="2" name="TestCases.Testcase3" time="0.010" errors="0" timestamp="2021-05-27T08:52:56 IST" skipped="0">
  <testcase classname="TestCases.Testcase3" name="Tc2_verify_mul" time="0.001"/>
  <system-out/>
  <testcase classname="TestCases.Testcase3" name="Tc1_verify_add" time="0.009"/>
  <system-out/>
</testsuite> <!-- TestCases.Testcase3 -->
