<?xml version="1.0" encoding="UTF-8"?>
<!-- Generated by org.testng.reporters.JUnitReportReporter -->
<testsuite hostname="II39-PF265WJ0" failures="0" tests="1" name="TestCases.Tc_collections3" time="0.000" errors="0" timestamp="2021-06-18T10:38:43 IST" skipped="1">
  <testcase classname="TestCases.Tc_collections3" name="test_abc" time="0.000">
    <skipped/>
  </testcase> <!-- test_abc -->
  <system-out/>
</testsuite> <!-- TestCases.Tc_collections3 -->
