<?xml version="1.0" encoding="UTF-8"?>
<!-- Generated by org.testng.reporters.JUnitReportReporter -->
<testsuite hostname="II39-PF265WJ0" failures="0" tests="3" name="TestCases.Tc_collections" time="0.006" errors="0" timestamp="2021-05-29T08:45:53 IST" skipped="0">
  <testcase classname="TestCases.Tc_collections" name="test_abc" time="0.005"/>
  <system-out/>
  <testcase classname="TestCases.Tc_collections" name="test_abc" time="0.001"/>
  <system-out/>
  <testcase classname="TestCases.Tc_collections" name="test_abc" time="0.000"/>
  <system-out/>
</testsuite> <!-- TestCases.Tc_collections -->
