<?xml version="1.0" encoding="UTF-8"?>
<!-- Generated by org.testng.reporters.JUnitReportReporter -->
<testsuite hostname="DESKTOP-6F2V0OJ" failures="0" tests="2" name="TestCases.copy.Readingdata" time="0.000" errors="0" timestamp="2021-06-15T21:29:57 CDT" skipped="2">
  <testcase classname="TestCases.copy.Readingdata" name="withinUSA" time="0.000">
    <skipped/>
  </testcase> <!-- withinUSA -->
  <system-out/>
  <testcase classname="TestCases.copy.Readingdata" name="Abroad" time="0.000">
    <skipped/>
  </testcase> <!-- Abroad -->
  <system-out/>
</testsuite> <!-- TestCases.copy.Readingdata -->
