<?xml version="1.0" encoding="UTF-8"?>
<!-- Generated by org.testng.reporters.JUnitReportReporter -->
<testsuite hostname="DESKTOP-6F2V0OJ" failures="0" tests="8" name="TestCases.Homework" time="0.020" errors="0" timestamp="2021-06-17T21:55:36 CDT" skipped="0">
  <testcase classname="TestCases.Homework" name="Names" time="0.007"/>
  <system-out/>
  <testcase classname="TestCases.Homework" name="Names" time="0.001"/>
  <system-out/>
  <testcase classname="TestCases.Homework" name="Names" time="0.002"/>
  <system-out/>
  <testcase classname="TestCases.Homework" name="Names" time="0.002"/>
  <system-out/>
  <testcase classname="TestCases.Homework" name="DOB" time="0.002"/>
  <system-out/>
  <testcase classname="TestCases.Homework" name="DOB" time="0.002"/>
  <system-out/>
  <testcase classname="TestCases.Homework" name="DOB" time="0.002"/>
  <system-out/>
  <testcase classname="TestCases.Homework" name="DOB" time="0.002"/>
  <system-out/>
</testsuite> <!-- TestCases.Homework -->
