<?xml version="1.0" encoding="UTF-8"?>
<!-- Generated by org.testng.reporters.JUnitReportReporter -->
<testsuite hostname="II39-PF265WJ0" failures="0" tests="6" name="TestCases.copy.Readingdata" time="0.018" errors="0" timestamp="2021-06-08T09:39:35 IST" skipped="0">
  <testcase classname="TestCases.copy.Readingdata" name="withinUSA" time="0.004"/>
  <system-out/>
  <testcase classname="TestCases.copy.Readingdata" name="Abroad" time="0.001"/>
  <system-out/>
  <testcase classname="TestCases.copy.Readingdata" name="withinUSA" time="0.002"/>
  <system-out/>
  <testcase classname="TestCases.copy.Readingdata" name="Abroad" time="0.005"/>
  <system-out/>
  <testcase classname="TestCases.copy.Readingdata" name="Abroad" time="0.001"/>
  <system-out/>
  <testcase classname="TestCases.copy.Readingdata" name="withinUSA" time="0.005"/>
  <system-out/>
</testsuite> <!-- TestCases.copy.Readingdata -->
