<?xml version="1.0" encoding="UTF-8"?>
<!-- Generated by org.testng.reporters.JUnitReportReporter -->
<testsuite hostname="II39-PF265WJ0" failures="0" tests="1" name="TestCases.Base" time="6.311" errors="0" timestamp="2021-05-26T21:04:37 IST" skipped="0">
  <testcase classname="TestCases.Base" name="setup" time="6.311"/>
  <system-out/>
</testsuite> <!-- TestCases.Base -->
