<?xml version="1.0" encoding="UTF-8"?>
<!-- Generated by org.testng.reporters.JUnitReportReporter -->
<testsuite hostname="II39-PF265WJ0" failures="0" tests="1" name="TestCases.Readingdata1" time="0.005" errors="0" timestamp="2021-06-22T22:24:09 IST" skipped="0">
  <testcase classname="TestCases.Readingdata1" name="withinUSA" time="0.005"/>
  <system-out/>
</testsuite> <!-- TestCases.Readingdata1 -->
