<?xml version="1.0" encoding="UTF-8"?>
<!-- Generated by org.testng.reporters.JUnitReportReporter -->
<testsuite hostname="II39-PF265WJ0" failures="0" tests="2" name="TestCases.anv" time="0.005" errors="0" timestamp="2021-06-03T21:11:38 IST" skipped="0">
  <testcase classname="TestCases.anv" name="test_abc" time="0.001"/>
  <system-out/>
  <testcase classname="TestCases.anv" name="test_abc" time="0.004"/>
  <system-out/>
</testsuite> <!-- TestCases.anv -->
