<?xml version="1.0" encoding="UTF-8"?>
<!-- Generated by org.testng.reporters.JUnitReportReporter -->
<testsuite hostname="II39-PF265WJ0" failures="0" tests="1" name="TestCases.Collectionsbasics1" time="0.012" errors="0" timestamp="2021-06-02T08:52:57 IST" skipped="0">
  <testcase classname="TestCases.Collectionsbasics1" name="hash" time="0.012"/>
  <system-out/>
</testsuite> <!-- TestCases.Collectionsbasics1 -->
